============================= test session starts ==============================
platform linux -- Python 3.8.10, pytest-6.2.5, py-1.10.0, pluggy-1.0.0
rootdir: /home/sash/git/training
collected 6 items

test/test_add_group.py EEEEEEE                                           [100%]

==================================== ERRORS ====================================
__________________ ERROR at setup of test_add_group[None:::] ___________________

self = <selenium.webdriver.firefox.service.Service object at 0x7fce8eec8c40>

    def start(self):
        """
        Starts the Service.
    
        :Exceptions:
         - WebDriverException : Raised either when it can't start the service
           or when it can't connect to the service
        """
        try:
            cmd = [self.path]
            cmd.extend(self.command_line_args())
>           self.process = subprocess.Popen(cmd, env=self.env,
                                            close_fds=platform.system() != 'Windows',
                                            stdout=self.log_file,
                                            stderr=self.log_file,
                                            stdin=PIPE)

env/lib/python3.8/site-packages/selenium/webdriver/common/service.py:72: 
_ _ _ _ _ _ _ _ _ _ _ _ _ _ _ _ _ _ _ _ _ _ _ _ _ _ _ _ _ _ _ _ _ _ _ _ _ _ _ _ 

self = <subprocess.Popen object at 0x7fce8eec8d30>
args = ['geckodriver', '--port', '44775'], bufsize = -1, executable = None
stdin = -1
stdout = <_io.TextIOWrapper name='geckodriver.log' mode='a+' encoding='UTF-8'>
stderr = <_io.TextIOWrapper name='geckodriver.log' mode='a+' encoding='UTF-8'>
preexec_fn = None, close_fds = True, shell = False, cwd = None
env = environ({'SHELL': '/bin/bash', 'COLORTERM': 'truecolor', 'SUDO_GID': '1000', 'HISTCONTROL': 'ignoredups:ignorespace', .../sash/git/training/env/bin/py.test', 'PYTEST_CURRENT_TEST': 'test/test_add_group.py::test_add_group[None:::] (setup)'})
universal_newlines = None, startupinfo = None, creationflags = 0
restore_signals = True, start_new_session = False, pass_fds = ()

    def __init__(self, args, bufsize=-1, executable=None,
                 stdin=None, stdout=None, stderr=None,
                 preexec_fn=None, close_fds=True,
                 shell=False, cwd=None, env=None, universal_newlines=None,
                 startupinfo=None, creationflags=0,
                 restore_signals=True, start_new_session=False,
                 pass_fds=(), *, encoding=None, errors=None, text=None):
        """Create new Popen instance."""
        _cleanup()
        # Held while anything is calling waitpid before returncode has been
        # updated to prevent clobbering returncode if wait() or poll() are
        # called from multiple threads at once.  After acquiring the lock,
        # code must re-check self.returncode to see if another thread just
        # finished a waitpid() call.
        self._waitpid_lock = threading.Lock()
    
        self._input = None
        self._communication_started = False
        if bufsize is None:
            bufsize = -1  # Restore default
        if not isinstance(bufsize, int):
            raise TypeError("bufsize must be an integer")
    
        if _mswindows:
            if preexec_fn is not None:
                raise ValueError("preexec_fn is not supported on Windows "
                                 "platforms")
        else:
            # POSIX
            if pass_fds and not close_fds:
                warnings.warn("pass_fds overriding close_fds.", RuntimeWarning)
                close_fds = True
            if startupinfo is not None:
                raise ValueError("startupinfo is only supported on Windows "
                                 "platforms")
            if creationflags != 0:
                raise ValueError("creationflags is only supported on Windows "
                                 "platforms")
    
        self.args = args
        self.stdin = None
        self.stdout = None
        self.stderr = None
        self.pid = None
        self.returncode = None
        self.encoding = encoding
        self.errors = errors
    
        # Validate the combinations of text and universal_newlines
        if (text is not None and universal_newlines is not None
            and bool(universal_newlines) != bool(text)):
            raise SubprocessError('Cannot disambiguate when both text '
                                  'and universal_newlines are supplied but '
                                  'different. Pass one or the other.')
    
        # Input and output objects. The general principle is like
        # this:
        #
        # Parent                   Child
        # ------                   -----
        # p2cwrite   ---stdin--->  p2cread
        # c2pread    <--stdout---  c2pwrite
        # errread    <--stderr---  errwrite
        #
        # On POSIX, the child objects are file descriptors.  On
        # Windows, these are Windows file handles.  The parent objects
        # are file descriptors on both platforms.  The parent objects
        # are -1 when not using PIPEs. The child objects are -1
        # when not redirecting.
    
        (p2cread, p2cwrite,
         c2pread, c2pwrite,
         errread, errwrite) = self._get_handles(stdin, stdout, stderr)
    
        # We wrap OS handles *before* launching the child, otherwise a
        # quickly terminating child could make our fds unwrappable
        # (see #8458).
    
        if _mswindows:
            if p2cwrite != -1:
                p2cwrite = msvcrt.open_osfhandle(p2cwrite.Detach(), 0)
            if c2pread != -1:
                c2pread = msvcrt.open_osfhandle(c2pread.Detach(), 0)
            if errread != -1:
                errread = msvcrt.open_osfhandle(errread.Detach(), 0)
    
        self.text_mode = encoding or errors or text or universal_newlines
    
        # How long to resume waiting on a child after the first ^C.
        # There is no right value for this.  The purpose is to be polite
        # yet remain good for interactive users trying to exit a tool.
        self._sigint_wait_secs = 0.25  # 1/xkcd221.getRandomNumber()
    
        self._closed_child_pipe_fds = False
    
        if self.text_mode:
            if bufsize == 1:
                line_buffering = True
                # Use the default buffer size for the underlying binary streams
                # since they don't support line buffering.
                bufsize = -1
            else:
                line_buffering = False
    
        try:
            if p2cwrite != -1:
                self.stdin = io.open(p2cwrite, 'wb', bufsize)
                if self.text_mode:
                    self.stdin = io.TextIOWrapper(self.stdin, write_through=True,
                            line_buffering=line_buffering,
                            encoding=encoding, errors=errors)
            if c2pread != -1:
                self.stdout = io.open(c2pread, 'rb', bufsize)
                if self.text_mode:
                    self.stdout = io.TextIOWrapper(self.stdout,
                            encoding=encoding, errors=errors)
            if errread != -1:
                self.stderr = io.open(errread, 'rb', bufsize)
                if self.text_mode:
                    self.stderr = io.TextIOWrapper(self.stderr,
                            encoding=encoding, errors=errors)
    
>           self._execute_child(args, executable, preexec_fn, close_fds,
                                pass_fds, cwd, env,
                                startupinfo, creationflags, shell,
                                p2cread, p2cwrite,
                                c2pread, c2pwrite,
                                errread, errwrite,
                                restore_signals, start_new_session)

/usr/lib/python3.8/subprocess.py:858: 
_ _ _ _ _ _ _ _ _ _ _ _ _ _ _ _ _ _ _ _ _ _ _ _ _ _ _ _ _ _ _ _ _ _ _ _ _ _ _ _ 

self = <subprocess.Popen object at 0x7fce8eec8d30>
args = ['geckodriver', '--port', '44775'], executable = b'geckodriver'
preexec_fn = None, close_fds = True, pass_fds = (), cwd = None
env = environ({'SHELL': '/bin/bash', 'COLORTERM': 'truecolor', 'SUDO_GID': '1000', 'HISTCONTROL': 'ignoredups:ignorespace', .../sash/git/training/env/bin/py.test', 'PYTEST_CURRENT_TEST': 'test/test_add_group.py::test_add_group[None:::] (setup)'})
startupinfo = None, creationflags = 0, shell = False, p2cread = 16
p2cwrite = 17, c2pread = -1, c2pwrite = 15, errread = -1, errwrite = 15
restore_signals = True, start_new_session = False

    def _execute_child(self, args, executable, preexec_fn, close_fds,
                       pass_fds, cwd, env,
                       startupinfo, creationflags, shell,
                       p2cread, p2cwrite,
                       c2pread, c2pwrite,
                       errread, errwrite,
                       restore_signals, start_new_session):
        """Execute program (POSIX version)"""
    
        if isinstance(args, (str, bytes)):
            args = [args]
        elif isinstance(args, os.PathLike):
            if shell:
                raise TypeError('path-like args is not allowed when '
                                'shell is true')
            args = [args]
        else:
            args = list(args)
    
        if shell:
            # On Android the default shell is at '/system/bin/sh'.
            unix_shell = ('/system/bin/sh' if
                      hasattr(sys, 'getandroidapilevel') else '/bin/sh')
            args = [unix_shell, "-c"] + args
            if executable:
                args[0] = executable
    
        if executable is None:
            executable = args[0]
    
        sys.audit("subprocess.Popen", executable, args, cwd, env)
    
        if (_USE_POSIX_SPAWN
                and os.path.dirname(executable)
                and preexec_fn is None
                and not close_fds
                and not pass_fds
                and cwd is None
                and (p2cread == -1 or p2cread > 2)
                and (c2pwrite == -1 or c2pwrite > 2)
                and (errwrite == -1 or errwrite > 2)
                and not start_new_session):
            self._posix_spawn(args, executable, env, restore_signals,
                              p2cread, p2cwrite,
                              c2pread, c2pwrite,
                              errread, errwrite)
            return
    
        orig_executable = executable
    
        # For transferring possible exec failure from child to parent.
        # Data format: "exception name:hex errno:description"
        # Pickle is not used; it is complex and involves memory allocation.
        errpipe_read, errpipe_write = os.pipe()
        # errpipe_write must not be in the standard io 0, 1, or 2 fd range.
        low_fds_to_close = []
        while errpipe_write < 3:
            low_fds_to_close.append(errpipe_write)
            errpipe_write = os.dup(errpipe_write)
        for low_fd in low_fds_to_close:
            os.close(low_fd)
        try:
            try:
                # We must avoid complex work that could involve
                # malloc or free in the child process to avoid
                # potential deadlocks, thus we do all this here.
                # and pass it to fork_exec()
    
                if env is not None:
                    env_list = []
                    for k, v in env.items():
                        k = os.fsencode(k)
                        if b'=' in k:
                            raise ValueError("illegal environment variable name")
                        env_list.append(k + b'=' + os.fsencode(v))
                else:
                    env_list = None  # Use execv instead of execve.
                executable = os.fsencode(executable)
                if os.path.dirname(executable):
                    executable_list = (executable,)
                else:
                    # This matches the behavior of os._execvpe().
                    executable_list = tuple(
                        os.path.join(os.fsencode(dir), executable)
                        for dir in os.get_exec_path(env))
                fds_to_keep = set(pass_fds)
                fds_to_keep.add(errpipe_write)
                self.pid = _posixsubprocess.fork_exec(
                        args, executable_list,
                        close_fds, tuple(sorted(map(int, fds_to_keep))),
                        cwd, env_list,
                        p2cread, p2cwrite, c2pread, c2pwrite,
                        errread, errwrite,
                        errpipe_read, errpipe_write,
                        restore_signals, start_new_session, preexec_fn)
                self._child_created = True
            finally:
                # be sure the FD is closed no matter what
                os.close(errpipe_write)
    
            self._close_pipe_fds(p2cread, p2cwrite,
                                 c2pread, c2pwrite,
                                 errread, errwrite)
    
            # Wait for exec to fail or succeed; possibly raising an
            # exception (limited in size)
            errpipe_data = bytearray()
            while True:
                part = os.read(errpipe_read, 50000)
                errpipe_data += part
                if not part or len(errpipe_data) > 50000:
                    break
        finally:
            # be sure the FD is closed no matter what
            os.close(errpipe_read)
    
        if errpipe_data:
            try:
                pid, sts = os.waitpid(self.pid, 0)
                if pid == self.pid:
                    self._handle_exitstatus(sts)
                else:
                    self.returncode = sys.maxsize
            except ChildProcessError:
                pass
    
            try:
                exception_name, hex_errno, err_msg = (
                        errpipe_data.split(b':', 2))
                # The encoding here should match the encoding
                # written in by the subprocess implementations
                # like _posixsubprocess
                err_msg = err_msg.decode()
            except ValueError:
                exception_name = b'SubprocessError'
                hex_errno = b'0'
                err_msg = 'Bad exception data from child: {!r}'.format(
                              bytes(errpipe_data))
            child_exception_type = getattr(
                    builtins, exception_name.decode('ascii'),
                    SubprocessError)
            if issubclass(child_exception_type, OSError) and hex_errno:
                errno_num = int(hex_errno, 16)
                child_exec_never_called = (err_msg == "noexec")
                if child_exec_never_called:
                    err_msg = ""
                    # The error must be from chdir(cwd).
                    err_filename = cwd
                else:
                    err_filename = orig_executable
                if errno_num != 0:
                    err_msg = os.strerror(errno_num)
>               raise child_exception_type(errno_num, err_msg, err_filename)
E               FileNotFoundError: [Errno 2] No such file or directory: 'geckodriver'

/usr/lib/python3.8/subprocess.py:1704: FileNotFoundError

During handling of the above exception, another exception occurred:

request = <SubRequest 'app' for <Function test_add_group[None:::]>>

    @pytest.fixture
    def app(request):
        global fixture
        global target
        browser = request.config.getoption("--browser")
        root_path = os.path.dirname(os.path.abspath(__file__))
        if target is None:
            config_file = os.path.join(root_path, request.config.getoption("--target"))
            with open(config_file) as f:
                target = json.load(f)
        if fixture is None or not fixture.is_valid():
>           fixture = Application(browser=browser, baseUrl=target["web"]["baseUrl"], photoPath=root_path)

conftest.py:35: 
_ _ _ _ _ _ _ _ _ _ _ _ _ _ _ _ _ _ _ _ _ _ _ _ _ _ _ _ _ _ _ _ _ _ _ _ _ _ _ _ 
fixture/application.py:17: in __init__
    self.wd = webdriver.Firefox()
env/lib/python3.8/site-packages/selenium/webdriver/firefox/webdriver.py:164: in __init__
    self.service.start()
_ _ _ _ _ _ _ _ _ _ _ _ _ _ _ _ _ _ _ _ _ _ _ _ _ _ _ _ _ _ _ _ _ _ _ _ _ _ _ _ 

self = <selenium.webdriver.firefox.service.Service object at 0x7fce8eec8c40>

    def start(self):
        """
        Starts the Service.
    
        :Exceptions:
         - WebDriverException : Raised either when it can't start the service
           or when it can't connect to the service
        """
        try:
            cmd = [self.path]
            cmd.extend(self.command_line_args())
            self.process = subprocess.Popen(cmd, env=self.env,
                                            close_fds=platform.system() != 'Windows',
                                            stdout=self.log_file,
                                            stderr=self.log_file,
                                            stdin=PIPE)
        except TypeError:
            raise
        except OSError as err:
            if err.errno == errno.ENOENT:
>               raise WebDriverException(
                    "'%s' executable needs to be in PATH. %s" % (
                        os.path.basename(self.path), self.start_error_message)
E                       selenium.common.exceptions.WebDriverException: Message: 'geckodriver' executable needs to be in PATH.

env/lib/python3.8/site-packages/selenium/webdriver/common/service.py:81: WebDriverException
___ ERROR at setup of test_add_group[None:name :headSW K :foot mEm LOIBGdnA] ___

self = <selenium.webdriver.firefox.service.Service object at 0x7fce8eaaf5e0>

    def start(self):
        """
        Starts the Service.
    
        :Exceptions:
         - WebDriverException : Raised either when it can't start the service
           or when it can't connect to the service
        """
        try:
            cmd = [self.path]
            cmd.extend(self.command_line_args())
>           self.process = subprocess.Popen(cmd, env=self.env,
                                            close_fds=platform.system() != 'Windows',
                                            stdout=self.log_file,
                                            stderr=self.log_file,
                                            stdin=PIPE)

env/lib/python3.8/site-packages/selenium/webdriver/common/service.py:72: 
_ _ _ _ _ _ _ _ _ _ _ _ _ _ _ _ _ _ _ _ _ _ _ _ _ _ _ _ _ _ _ _ _ _ _ _ _ _ _ _ 

self = <subprocess.Popen object at 0x7fce8eaaf700>
args = ['geckodriver', '--port', '33689'], bufsize = -1, executable = None
stdin = -1
stdout = <_io.TextIOWrapper name='geckodriver.log' mode='a+' encoding='UTF-8'>
stderr = <_io.TextIOWrapper name='geckodriver.log' mode='a+' encoding='UTF-8'>
preexec_fn = None, close_fds = True, shell = False, cwd = None
env = environ({'SHELL': '/bin/bash', 'COLORTERM': 'truecolor', 'SUDO_GID': '1000', 'HISTCONTROL': 'ignoredups:ignorespace', ...est', 'PYTEST_CURRENT_TEST': 'test/test_add_group.py::test_add_group[None:name :headSW K :foot mEm LOIBGdnA] (setup)'})
universal_newlines = None, startupinfo = None, creationflags = 0
restore_signals = True, start_new_session = False, pass_fds = ()

    def __init__(self, args, bufsize=-1, executable=None,
                 stdin=None, stdout=None, stderr=None,
                 preexec_fn=None, close_fds=True,
                 shell=False, cwd=None, env=None, universal_newlines=None,
                 startupinfo=None, creationflags=0,
                 restore_signals=True, start_new_session=False,
                 pass_fds=(), *, encoding=None, errors=None, text=None):
        """Create new Popen instance."""
        _cleanup()
        # Held while anything is calling waitpid before returncode has been
        # updated to prevent clobbering returncode if wait() or poll() are
        # called from multiple threads at once.  After acquiring the lock,
        # code must re-check self.returncode to see if another thread just
        # finished a waitpid() call.
        self._waitpid_lock = threading.Lock()
    
        self._input = None
        self._communication_started = False
        if bufsize is None:
            bufsize = -1  # Restore default
        if not isinstance(bufsize, int):
            raise TypeError("bufsize must be an integer")
    
        if _mswindows:
            if preexec_fn is not None:
                raise ValueError("preexec_fn is not supported on Windows "
                                 "platforms")
        else:
            # POSIX
            if pass_fds and not close_fds:
                warnings.warn("pass_fds overriding close_fds.", RuntimeWarning)
                close_fds = True
            if startupinfo is not None:
                raise ValueError("startupinfo is only supported on Windows "
                                 "platforms")
            if creationflags != 0:
                raise ValueError("creationflags is only supported on Windows "
                                 "platforms")
    
        self.args = args
        self.stdin = None
        self.stdout = None
        self.stderr = None
        self.pid = None
        self.returncode = None
        self.encoding = encoding
        self.errors = errors
    
        # Validate the combinations of text and universal_newlines
        if (text is not None and universal_newlines is not None
            and bool(universal_newlines) != bool(text)):
            raise SubprocessError('Cannot disambiguate when both text '
                                  'and universal_newlines are supplied but '
                                  'different. Pass one or the other.')
    
        # Input and output objects. The general principle is like
        # this:
        #
        # Parent                   Child
        # ------                   -----
        # p2cwrite   ---stdin--->  p2cread
        # c2pread    <--stdout---  c2pwrite
        # errread    <--stderr---  errwrite
        #
        # On POSIX, the child objects are file descriptors.  On
        # Windows, these are Windows file handles.  The parent objects
        # are file descriptors on both platforms.  The parent objects
        # are -1 when not using PIPEs. The child objects are -1
        # when not redirecting.
    
        (p2cread, p2cwrite,
         c2pread, c2pwrite,
         errread, errwrite) = self._get_handles(stdin, stdout, stderr)
    
        # We wrap OS handles *before* launching the child, otherwise a
        # quickly terminating child could make our fds unwrappable
        # (see #8458).
    
        if _mswindows:
            if p2cwrite != -1:
                p2cwrite = msvcrt.open_osfhandle(p2cwrite.Detach(), 0)
            if c2pread != -1:
                c2pread = msvcrt.open_osfhandle(c2pread.Detach(), 0)
            if errread != -1:
                errread = msvcrt.open_osfhandle(errread.Detach(), 0)
    
        self.text_mode = encoding or errors or text or universal_newlines
    
        # How long to resume waiting on a child after the first ^C.
        # There is no right value for this.  The purpose is to be polite
        # yet remain good for interactive users trying to exit a tool.
        self._sigint_wait_secs = 0.25  # 1/xkcd221.getRandomNumber()
    
        self._closed_child_pipe_fds = False
    
        if self.text_mode:
            if bufsize == 1:
                line_buffering = True
                # Use the default buffer size for the underlying binary streams
                # since they don't support line buffering.
                bufsize = -1
            else:
                line_buffering = False
    
        try:
            if p2cwrite != -1:
                self.stdin = io.open(p2cwrite, 'wb', bufsize)
                if self.text_mode:
                    self.stdin = io.TextIOWrapper(self.stdin, write_through=True,
                            line_buffering=line_buffering,
                            encoding=encoding, errors=errors)
            if c2pread != -1:
                self.stdout = io.open(c2pread, 'rb', bufsize)
                if self.text_mode:
                    self.stdout = io.TextIOWrapper(self.stdout,
                            encoding=encoding, errors=errors)
            if errread != -1:
                self.stderr = io.open(errread, 'rb', bufsize)
                if self.text_mode:
                    self.stderr = io.TextIOWrapper(self.stderr,
                            encoding=encoding, errors=errors)
    
>           self._execute_child(args, executable, preexec_fn, close_fds,
                                pass_fds, cwd, env,
                                startupinfo, creationflags, shell,
                                p2cread, p2cwrite,
                                c2pread, c2pwrite,
                                errread, errwrite,
                                restore_signals, start_new_session)

/usr/lib/python3.8/subprocess.py:858: 
_ _ _ _ _ _ _ _ _ _ _ _ _ _ _ _ _ _ _ _ _ _ _ _ _ _ _ _ _ _ _ _ _ _ _ _ _ _ _ _ 

self = <subprocess.Popen object at 0x7fce8eaaf700>
args = ['geckodriver', '--port', '33689'], executable = b'geckodriver'
preexec_fn = None, close_fds = True, pass_fds = (), cwd = None
env = environ({'SHELL': '/bin/bash', 'COLORTERM': 'truecolor', 'SUDO_GID': '1000', 'HISTCONTROL': 'ignoredups:ignorespace', ...est', 'PYTEST_CURRENT_TEST': 'test/test_add_group.py::test_add_group[None:name :headSW K :foot mEm LOIBGdnA] (setup)'})
startupinfo = None, creationflags = 0, shell = False, p2cread = 17
p2cwrite = 18, c2pread = -1, c2pwrite = 16, errread = -1, errwrite = 16
restore_signals = True, start_new_session = False

    def _execute_child(self, args, executable, preexec_fn, close_fds,
                       pass_fds, cwd, env,
                       startupinfo, creationflags, shell,
                       p2cread, p2cwrite,
                       c2pread, c2pwrite,
                       errread, errwrite,
                       restore_signals, start_new_session):
        """Execute program (POSIX version)"""
    
        if isinstance(args, (str, bytes)):
            args = [args]
        elif isinstance(args, os.PathLike):
            if shell:
                raise TypeError('path-like args is not allowed when '
                                'shell is true')
            args = [args]
        else:
            args = list(args)
    
        if shell:
            # On Android the default shell is at '/system/bin/sh'.
            unix_shell = ('/system/bin/sh' if
                      hasattr(sys, 'getandroidapilevel') else '/bin/sh')
            args = [unix_shell, "-c"] + args
            if executable:
                args[0] = executable
    
        if executable is None:
            executable = args[0]
    
        sys.audit("subprocess.Popen", executable, args, cwd, env)
    
        if (_USE_POSIX_SPAWN
                and os.path.dirname(executable)
                and preexec_fn is None
                and not close_fds
                and not pass_fds
                and cwd is None
                and (p2cread == -1 or p2cread > 2)
                and (c2pwrite == -1 or c2pwrite > 2)
                and (errwrite == -1 or errwrite > 2)
                and not start_new_session):
            self._posix_spawn(args, executable, env, restore_signals,
                              p2cread, p2cwrite,
                              c2pread, c2pwrite,
                              errread, errwrite)
            return
    
        orig_executable = executable
    
        # For transferring possible exec failure from child to parent.
        # Data format: "exception name:hex errno:description"
        # Pickle is not used; it is complex and involves memory allocation.
        errpipe_read, errpipe_write = os.pipe()
        # errpipe_write must not be in the standard io 0, 1, or 2 fd range.
        low_fds_to_close = []
        while errpipe_write < 3:
            low_fds_to_close.append(errpipe_write)
            errpipe_write = os.dup(errpipe_write)
        for low_fd in low_fds_to_close:
            os.close(low_fd)
        try:
            try:
                # We must avoid complex work that could involve
                # malloc or free in the child process to avoid
                # potential deadlocks, thus we do all this here.
                # and pass it to fork_exec()
    
                if env is not None:
                    env_list = []
                    for k, v in env.items():
                        k = os.fsencode(k)
                        if b'=' in k:
                            raise ValueError("illegal environment variable name")
                        env_list.append(k + b'=' + os.fsencode(v))
                else:
                    env_list = None  # Use execv instead of execve.
                executable = os.fsencode(executable)
                if os.path.dirname(executable):
                    executable_list = (executable,)
                else:
                    # This matches the behavior of os._execvpe().
                    executable_list = tuple(
                        os.path.join(os.fsencode(dir), executable)
                        for dir in os.get_exec_path(env))
                fds_to_keep = set(pass_fds)
                fds_to_keep.add(errpipe_write)
                self.pid = _posixsubprocess.fork_exec(
                        args, executable_list,
                        close_fds, tuple(sorted(map(int, fds_to_keep))),
                        cwd, env_list,
                        p2cread, p2cwrite, c2pread, c2pwrite,
                        errread, errwrite,
                        errpipe_read, errpipe_write,
                        restore_signals, start_new_session, preexec_fn)
                self._child_created = True
            finally:
                # be sure the FD is closed no matter what
                os.close(errpipe_write)
    
            self._close_pipe_fds(p2cread, p2cwrite,
                                 c2pread, c2pwrite,
                                 errread, errwrite)
    
            # Wait for exec to fail or succeed; possibly raising an
            # exception (limited in size)
            errpipe_data = bytearray()
            while True:
                part = os.read(errpipe_read, 50000)
                errpipe_data += part
                if not part or len(errpipe_data) > 50000:
                    break
        finally:
            # be sure the FD is closed no matter what
            os.close(errpipe_read)
    
        if errpipe_data:
            try:
                pid, sts = os.waitpid(self.pid, 0)
                if pid == self.pid:
                    self._handle_exitstatus(sts)
                else:
                    self.returncode = sys.maxsize
            except ChildProcessError:
                pass
    
            try:
                exception_name, hex_errno, err_msg = (
                        errpipe_data.split(b':', 2))
                # The encoding here should match the encoding
                # written in by the subprocess implementations
                # like _posixsubprocess
                err_msg = err_msg.decode()
            except ValueError:
                exception_name = b'SubprocessError'
                hex_errno = b'0'
                err_msg = 'Bad exception data from child: {!r}'.format(
                              bytes(errpipe_data))
            child_exception_type = getattr(
                    builtins, exception_name.decode('ascii'),
                    SubprocessError)
            if issubclass(child_exception_type, OSError) and hex_errno:
                errno_num = int(hex_errno, 16)
                child_exec_never_called = (err_msg == "noexec")
                if child_exec_never_called:
                    err_msg = ""
                    # The error must be from chdir(cwd).
                    err_filename = cwd
                else:
                    err_filename = orig_executable
                if errno_num != 0:
                    err_msg = os.strerror(errno_num)
>               raise child_exception_type(errno_num, err_msg, err_filename)
E               FileNotFoundError: [Errno 2] No such file or directory: 'geckodriver'

/usr/lib/python3.8/subprocess.py:1704: FileNotFoundError

During handling of the above exception, another exception occurred:

request = <SubRequest 'app' for <Function test_add_group[None:name :headSW K :foot mEm LOIBGdnA]>>

    @pytest.fixture
    def app(request):
        global fixture
        global target
        browser = request.config.getoption("--browser")
        root_path = os.path.dirname(os.path.abspath(__file__))
        if target is None:
            config_file = os.path.join(root_path, request.config.getoption("--target"))
            with open(config_file) as f:
                target = json.load(f)
        if fixture is None or not fixture.is_valid():
>           fixture = Application(browser=browser, baseUrl=target["web"]["baseUrl"], photoPath=root_path)

conftest.py:35: 
_ _ _ _ _ _ _ _ _ _ _ _ _ _ _ _ _ _ _ _ _ _ _ _ _ _ _ _ _ _ _ _ _ _ _ _ _ _ _ _ 
fixture/application.py:17: in __init__
    self.wd = webdriver.Firefox()
env/lib/python3.8/site-packages/selenium/webdriver/firefox/webdriver.py:164: in __init__
    self.service.start()
_ _ _ _ _ _ _ _ _ _ _ _ _ _ _ _ _ _ _ _ _ _ _ _ _ _ _ _ _ _ _ _ _ _ _ _ _ _ _ _ 

self = <selenium.webdriver.firefox.service.Service object at 0x7fce8eaaf5e0>

    def start(self):
        """
        Starts the Service.
    
        :Exceptions:
         - WebDriverException : Raised either when it can't start the service
           or when it can't connect to the service
        """
        try:
            cmd = [self.path]
            cmd.extend(self.command_line_args())
            self.process = subprocess.Popen(cmd, env=self.env,
                                            close_fds=platform.system() != 'Windows',
                                            stdout=self.log_file,
                                            stderr=self.log_file,
                                            stdin=PIPE)
        except TypeError:
            raise
        except OSError as err:
            if err.errno == errno.ENOENT:
>               raise WebDriverException(
                    "'%s' executable needs to be in PATH. %s" % (
                        os.path.basename(self.path), self.start_error_message)
E                       selenium.common.exceptions.WebDriverException: Message: 'geckodriver' executable needs to be in PATH.

env/lib/python3.8/site-packages/selenium/webdriver/common/service.py:81: WebDriverException
_ ERROR at setup of test_add_group[None:nameJ O1Ra lX:headqVK  uD3 K2 :footw9H8 uOU] _

self = <selenium.webdriver.firefox.service.Service object at 0x7fce8ee5b4f0>

    def start(self):
        """
        Starts the Service.
    
        :Exceptions:
         - WebDriverException : Raised either when it can't start the service
           or when it can't connect to the service
        """
        try:
            cmd = [self.path]
            cmd.extend(self.command_line_args())
>           self.process = subprocess.Popen(cmd, env=self.env,
                                            close_fds=platform.system() != 'Windows',
                                            stdout=self.log_file,
                                            stderr=self.log_file,
                                            stdin=PIPE)

env/lib/python3.8/site-packages/selenium/webdriver/common/service.py:72: 
_ _ _ _ _ _ _ _ _ _ _ _ _ _ _ _ _ _ _ _ _ _ _ _ _ _ _ _ _ _ _ _ _ _ _ _ _ _ _ _ 

self = <subprocess.Popen object at 0x7fce8ee5b820>
args = ['geckodriver', '--port', '58243'], bufsize = -1, executable = None
stdin = -1
stdout = <_io.TextIOWrapper name='geckodriver.log' mode='a+' encoding='UTF-8'>
stderr = <_io.TextIOWrapper name='geckodriver.log' mode='a+' encoding='UTF-8'>
preexec_fn = None, close_fds = True, shell = False, cwd = None
env = environ({'SHELL': '/bin/bash', 'COLORTERM': 'truecolor', 'SUDO_GID': '1000', 'HISTCONTROL': 'ignoredups:ignorespace', ...EST_CURRENT_TEST': 'test/test_add_group.py::test_add_group[None:nameJ O1Ra lX:headqVK  uD3 K2 :footw9H8 uOU] (setup)'})
universal_newlines = None, startupinfo = None, creationflags = 0
restore_signals = True, start_new_session = False, pass_fds = ()

    def __init__(self, args, bufsize=-1, executable=None,
                 stdin=None, stdout=None, stderr=None,
                 preexec_fn=None, close_fds=True,
                 shell=False, cwd=None, env=None, universal_newlines=None,
                 startupinfo=None, creationflags=0,
                 restore_signals=True, start_new_session=False,
                 pass_fds=(), *, encoding=None, errors=None, text=None):
        """Create new Popen instance."""
        _cleanup()
        # Held while anything is calling waitpid before returncode has been
        # updated to prevent clobbering returncode if wait() or poll() are
        # called from multiple threads at once.  After acquiring the lock,
        # code must re-check self.returncode to see if another thread just
        # finished a waitpid() call.
        self._waitpid_lock = threading.Lock()
    
        self._input = None
        self._communication_started = False
        if bufsize is None:
            bufsize = -1  # Restore default
        if not isinstance(bufsize, int):
            raise TypeError("bufsize must be an integer")
    
        if _mswindows:
            if preexec_fn is not None:
                raise ValueError("preexec_fn is not supported on Windows "
                                 "platforms")
        else:
            # POSIX
            if pass_fds and not close_fds:
                warnings.warn("pass_fds overriding close_fds.", RuntimeWarning)
                close_fds = True
            if startupinfo is not None:
                raise ValueError("startupinfo is only supported on Windows "
                                 "platforms")
            if creationflags != 0:
                raise ValueError("creationflags is only supported on Windows "
                                 "platforms")
    
        self.args = args
        self.stdin = None
        self.stdout = None
        self.stderr = None
        self.pid = None
        self.returncode = None
        self.encoding = encoding
        self.errors = errors
    
        # Validate the combinations of text and universal_newlines
        if (text is not None and universal_newlines is not None
            and bool(universal_newlines) != bool(text)):
            raise SubprocessError('Cannot disambiguate when both text '
                                  'and universal_newlines are supplied but '
                                  'different. Pass one or the other.')
    
        # Input and output objects. The general principle is like
        # this:
        #
        # Parent                   Child
        # ------                   -----
        # p2cwrite   ---stdin--->  p2cread
        # c2pread    <--stdout---  c2pwrite
        # errread    <--stderr---  errwrite
        #
        # On POSIX, the child objects are file descriptors.  On
        # Windows, these are Windows file handles.  The parent objects
        # are file descriptors on both platforms.  The parent objects
        # are -1 when not using PIPEs. The child objects are -1
        # when not redirecting.
    
        (p2cread, p2cwrite,
         c2pread, c2pwrite,
         errread, errwrite) = self._get_handles(stdin, stdout, stderr)
    
        # We wrap OS handles *before* launching the child, otherwise a
        # quickly terminating child could make our fds unwrappable
        # (see #8458).
    
        if _mswindows:
            if p2cwrite != -1:
                p2cwrite = msvcrt.open_osfhandle(p2cwrite.Detach(), 0)
            if c2pread != -1:
                c2pread = msvcrt.open_osfhandle(c2pread.Detach(), 0)
            if errread != -1:
                errread = msvcrt.open_osfhandle(errread.Detach(), 0)
    
        self.text_mode = encoding or errors or text or universal_newlines
    
        # How long to resume waiting on a child after the first ^C.
        # There is no right value for this.  The purpose is to be polite
        # yet remain good for interactive users trying to exit a tool.
        self._sigint_wait_secs = 0.25  # 1/xkcd221.getRandomNumber()
    
        self._closed_child_pipe_fds = False
    
        if self.text_mode:
            if bufsize == 1:
                line_buffering = True
                # Use the default buffer size for the underlying binary streams
                # since they don't support line buffering.
                bufsize = -1
            else:
                line_buffering = False
    
        try:
            if p2cwrite != -1:
                self.stdin = io.open(p2cwrite, 'wb', bufsize)
                if self.text_mode:
                    self.stdin = io.TextIOWrapper(self.stdin, write_through=True,
                            line_buffering=line_buffering,
                            encoding=encoding, errors=errors)
            if c2pread != -1:
                self.stdout = io.open(c2pread, 'rb', bufsize)
                if self.text_mode:
                    self.stdout = io.TextIOWrapper(self.stdout,
                            encoding=encoding, errors=errors)
            if errread != -1:
                self.stderr = io.open(errread, 'rb', bufsize)
                if self.text_mode:
                    self.stderr = io.TextIOWrapper(self.stderr,
                            encoding=encoding, errors=errors)
    
>           self._execute_child(args, executable, preexec_fn, close_fds,
                                pass_fds, cwd, env,
                                startupinfo, creationflags, shell,
                                p2cread, p2cwrite,
                                c2pread, c2pwrite,
                                errread, errwrite,
                                restore_signals, start_new_session)

/usr/lib/python3.8/subprocess.py:858: 
_ _ _ _ _ _ _ _ _ _ _ _ _ _ _ _ _ _ _ _ _ _ _ _ _ _ _ _ _ _ _ _ _ _ _ _ _ _ _ _ 

self = <subprocess.Popen object at 0x7fce8ee5b820>
args = ['geckodriver', '--port', '58243'], executable = b'geckodriver'
preexec_fn = None, close_fds = True, pass_fds = (), cwd = None
env = environ({'SHELL': '/bin/bash', 'COLORTERM': 'truecolor', 'SUDO_GID': '1000', 'HISTCONTROL': 'ignoredups:ignorespace', ...EST_CURRENT_TEST': 'test/test_add_group.py::test_add_group[None:nameJ O1Ra lX:headqVK  uD3 K2 :footw9H8 uOU] (setup)'})
startupinfo = None, creationflags = 0, shell = False, p2cread = 18
p2cwrite = 19, c2pread = -1, c2pwrite = 17, errread = -1, errwrite = 17
restore_signals = True, start_new_session = False

    def _execute_child(self, args, executable, preexec_fn, close_fds,
                       pass_fds, cwd, env,
                       startupinfo, creationflags, shell,
                       p2cread, p2cwrite,
                       c2pread, c2pwrite,
                       errread, errwrite,
                       restore_signals, start_new_session):
        """Execute program (POSIX version)"""
    
        if isinstance(args, (str, bytes)):
            args = [args]
        elif isinstance(args, os.PathLike):
            if shell:
                raise TypeError('path-like args is not allowed when '
                                'shell is true')
            args = [args]
        else:
            args = list(args)
    
        if shell:
            # On Android the default shell is at '/system/bin/sh'.
            unix_shell = ('/system/bin/sh' if
                      hasattr(sys, 'getandroidapilevel') else '/bin/sh')
            args = [unix_shell, "-c"] + args
            if executable:
                args[0] = executable
    
        if executable is None:
            executable = args[0]
    
        sys.audit("subprocess.Popen", executable, args, cwd, env)
    
        if (_USE_POSIX_SPAWN
                and os.path.dirname(executable)
                and preexec_fn is None
                and not close_fds
                and not pass_fds
                and cwd is None
                and (p2cread == -1 or p2cread > 2)
                and (c2pwrite == -1 or c2pwrite > 2)
                and (errwrite == -1 or errwrite > 2)
                and not start_new_session):
            self._posix_spawn(args, executable, env, restore_signals,
                              p2cread, p2cwrite,
                              c2pread, c2pwrite,
                              errread, errwrite)
            return
    
        orig_executable = executable
    
        # For transferring possible exec failure from child to parent.
        # Data format: "exception name:hex errno:description"
        # Pickle is not used; it is complex and involves memory allocation.
        errpipe_read, errpipe_write = os.pipe()
        # errpipe_write must not be in the standard io 0, 1, or 2 fd range.
        low_fds_to_close = []
        while errpipe_write < 3:
            low_fds_to_close.append(errpipe_write)
            errpipe_write = os.dup(errpipe_write)
        for low_fd in low_fds_to_close:
            os.close(low_fd)
        try:
            try:
                # We must avoid complex work that could involve
                # malloc or free in the child process to avoid
                # potential deadlocks, thus we do all this here.
                # and pass it to fork_exec()
    
                if env is not None:
                    env_list = []
                    for k, v in env.items():
                        k = os.fsencode(k)
                        if b'=' in k:
                            raise ValueError("illegal environment variable name")
                        env_list.append(k + b'=' + os.fsencode(v))
                else:
                    env_list = None  # Use execv instead of execve.
                executable = os.fsencode(executable)
                if os.path.dirname(executable):
                    executable_list = (executable,)
                else:
                    # This matches the behavior of os._execvpe().
                    executable_list = tuple(
                        os.path.join(os.fsencode(dir), executable)
                        for dir in os.get_exec_path(env))
                fds_to_keep = set(pass_fds)
                fds_to_keep.add(errpipe_write)
                self.pid = _posixsubprocess.fork_exec(
                        args, executable_list,
                        close_fds, tuple(sorted(map(int, fds_to_keep))),
                        cwd, env_list,
                        p2cread, p2cwrite, c2pread, c2pwrite,
                        errread, errwrite,
                        errpipe_read, errpipe_write,
                        restore_signals, start_new_session, preexec_fn)
                self._child_created = True
            finally:
                # be sure the FD is closed no matter what
                os.close(errpipe_write)
    
            self._close_pipe_fds(p2cread, p2cwrite,
                                 c2pread, c2pwrite,
                                 errread, errwrite)
    
            # Wait for exec to fail or succeed; possibly raising an
            # exception (limited in size)
            errpipe_data = bytearray()
            while True:
                part = os.read(errpipe_read, 50000)
                errpipe_data += part
                if not part or len(errpipe_data) > 50000:
                    break
        finally:
            # be sure the FD is closed no matter what
            os.close(errpipe_read)
    
        if errpipe_data:
            try:
                pid, sts = os.waitpid(self.pid, 0)
                if pid == self.pid:
                    self._handle_exitstatus(sts)
                else:
                    self.returncode = sys.maxsize
            except ChildProcessError:
                pass
    
            try:
                exception_name, hex_errno, err_msg = (
                        errpipe_data.split(b':', 2))
                # The encoding here should match the encoding
                # written in by the subprocess implementations
                # like _posixsubprocess
                err_msg = err_msg.decode()
            except ValueError:
                exception_name = b'SubprocessError'
                hex_errno = b'0'
                err_msg = 'Bad exception data from child: {!r}'.format(
                              bytes(errpipe_data))
            child_exception_type = getattr(
                    builtins, exception_name.decode('ascii'),
                    SubprocessError)
            if issubclass(child_exception_type, OSError) and hex_errno:
                errno_num = int(hex_errno, 16)
                child_exec_never_called = (err_msg == "noexec")
                if child_exec_never_called:
                    err_msg = ""
                    # The error must be from chdir(cwd).
                    err_filename = cwd
                else:
                    err_filename = orig_executable
                if errno_num != 0:
                    err_msg = os.strerror(errno_num)
>               raise child_exception_type(errno_num, err_msg, err_filename)
E               FileNotFoundError: [Errno 2] No such file or directory: 'geckodriver'

/usr/lib/python3.8/subprocess.py:1704: FileNotFoundError

During handling of the above exception, another exception occurred:

request = <SubRequest 'app' for <Function test_add_group[None:nameJ O1Ra lX:headqVK  uD3 K2 :footw9H8 uOU]>>

    @pytest.fixture
    def app(request):
        global fixture
        global target
        browser = request.config.getoption("--browser")
        root_path = os.path.dirname(os.path.abspath(__file__))
        if target is None:
            config_file = os.path.join(root_path, request.config.getoption("--target"))
            with open(config_file) as f:
                target = json.load(f)
        if fixture is None or not fixture.is_valid():
>           fixture = Application(browser=browser, baseUrl=target["web"]["baseUrl"], photoPath=root_path)

conftest.py:35: 
_ _ _ _ _ _ _ _ _ _ _ _ _ _ _ _ _ _ _ _ _ _ _ _ _ _ _ _ _ _ _ _ _ _ _ _ _ _ _ _ 
fixture/application.py:17: in __init__
    self.wd = webdriver.Firefox()
env/lib/python3.8/site-packages/selenium/webdriver/firefox/webdriver.py:164: in __init__
    self.service.start()
_ _ _ _ _ _ _ _ _ _ _ _ _ _ _ _ _ _ _ _ _ _ _ _ _ _ _ _ _ _ _ _ _ _ _ _ _ _ _ _ 

self = <selenium.webdriver.firefox.service.Service object at 0x7fce8ee5b4f0>

    def start(self):
        """
        Starts the Service.
    
        :Exceptions:
         - WebDriverException : Raised either when it can't start the service
           or when it can't connect to the service
        """
        try:
            cmd = [self.path]
            cmd.extend(self.command_line_args())
            self.process = subprocess.Popen(cmd, env=self.env,
                                            close_fds=platform.system() != 'Windows',
                                            stdout=self.log_file,
                                            stderr=self.log_file,
                                            stdin=PIPE)
        except TypeError:
            raise
        except OSError as err:
            if err.errno == errno.ENOENT:
>               raise WebDriverException(
                    "'%s' executable needs to be in PATH. %s" % (
                        os.path.basename(self.path), self.start_error_message)
E                       selenium.common.exceptions.WebDriverException: Message: 'geckodriver' executable needs to be in PATH.

env/lib/python3.8/site-packages/selenium/webdriver/common/service.py:81: WebDriverException
_ ERROR at setup of test_add_group[None:nameJm :head50ijvm pBaX :footAbxk  8 ] _

self = <selenium.webdriver.firefox.service.Service object at 0x7fce8edcbe80>

    def start(self):
        """
        Starts the Service.
    
        :Exceptions:
         - WebDriverException : Raised either when it can't start the service
           or when it can't connect to the service
        """
        try:
            cmd = [self.path]
            cmd.extend(self.command_line_args())
>           self.process = subprocess.Popen(cmd, env=self.env,
                                            close_fds=platform.system() != 'Windows',
                                            stdout=self.log_file,
                                            stderr=self.log_file,
                                            stdin=PIPE)

env/lib/python3.8/site-packages/selenium/webdriver/common/service.py:72: 
_ _ _ _ _ _ _ _ _ _ _ _ _ _ _ _ _ _ _ _ _ _ _ _ _ _ _ _ _ _ _ _ _ _ _ _ _ _ _ _ 

self = <subprocess.Popen object at 0x7fce8edcbcd0>
args = ['geckodriver', '--port', '49625'], bufsize = -1, executable = None
stdin = -1
stdout = <_io.TextIOWrapper name='geckodriver.log' mode='a+' encoding='UTF-8'>
stderr = <_io.TextIOWrapper name='geckodriver.log' mode='a+' encoding='UTF-8'>
preexec_fn = None, close_fds = True, shell = False, cwd = None
env = environ({'SHELL': '/bin/bash', 'COLORTERM': 'truecolor', 'SUDO_GID': '1000', 'HISTCONTROL': 'ignoredups:ignorespace', ..., 'PYTEST_CURRENT_TEST': 'test/test_add_group.py::test_add_group[None:nameJm :head50ijvm pBaX :footAbxk  8 ] (setup)'})
universal_newlines = None, startupinfo = None, creationflags = 0
restore_signals = True, start_new_session = False, pass_fds = ()

    def __init__(self, args, bufsize=-1, executable=None,
                 stdin=None, stdout=None, stderr=None,
                 preexec_fn=None, close_fds=True,
                 shell=False, cwd=None, env=None, universal_newlines=None,
                 startupinfo=None, creationflags=0,
                 restore_signals=True, start_new_session=False,
                 pass_fds=(), *, encoding=None, errors=None, text=None):
        """Create new Popen instance."""
        _cleanup()
        # Held while anything is calling waitpid before returncode has been
        # updated to prevent clobbering returncode if wait() or poll() are
        # called from multiple threads at once.  After acquiring the lock,
        # code must re-check self.returncode to see if another thread just
        # finished a waitpid() call.
        self._waitpid_lock = threading.Lock()
    
        self._input = None
        self._communication_started = False
        if bufsize is None:
            bufsize = -1  # Restore default
        if not isinstance(bufsize, int):
            raise TypeError("bufsize must be an integer")
    
        if _mswindows:
            if preexec_fn is not None:
                raise ValueError("preexec_fn is not supported on Windows "
                                 "platforms")
        else:
            # POSIX
            if pass_fds and not close_fds:
                warnings.warn("pass_fds overriding close_fds.", RuntimeWarning)
                close_fds = True
            if startupinfo is not None:
                raise ValueError("startupinfo is only supported on Windows "
                                 "platforms")
            if creationflags != 0:
                raise ValueError("creationflags is only supported on Windows "
                                 "platforms")
    
        self.args = args
        self.stdin = None
        self.stdout = None
        self.stderr = None
        self.pid = None
        self.returncode = None
        self.encoding = encoding
        self.errors = errors
    
        # Validate the combinations of text and universal_newlines
        if (text is not None and universal_newlines is not None
            and bool(universal_newlines) != bool(text)):
            raise SubprocessError('Cannot disambiguate when both text '
                                  'and universal_newlines are supplied but '
                                  'different. Pass one or the other.')
    
        # Input and output objects. The general principle is like
        # this:
        #
        # Parent                   Child
        # ------                   -----
        # p2cwrite   ---stdin--->  p2cread
        # c2pread    <--stdout---  c2pwrite
        # errread    <--stderr---  errwrite
        #
        # On POSIX, the child objects are file descriptors.  On
        # Windows, these are Windows file handles.  The parent objects
        # are file descriptors on both platforms.  The parent objects
        # are -1 when not using PIPEs. The child objects are -1
        # when not redirecting.
    
        (p2cread, p2cwrite,
         c2pread, c2pwrite,
         errread, errwrite) = self._get_handles(stdin, stdout, stderr)
    
        # We wrap OS handles *before* launching the child, otherwise a
        # quickly terminating child could make our fds unwrappable
        # (see #8458).
    
        if _mswindows:
            if p2cwrite != -1:
                p2cwrite = msvcrt.open_osfhandle(p2cwrite.Detach(), 0)
            if c2pread != -1:
                c2pread = msvcrt.open_osfhandle(c2pread.Detach(), 0)
            if errread != -1:
                errread = msvcrt.open_osfhandle(errread.Detach(), 0)
    
        self.text_mode = encoding or errors or text or universal_newlines
    
        # How long to resume waiting on a child after the first ^C.
        # There is no right value for this.  The purpose is to be polite
        # yet remain good for interactive users trying to exit a tool.
        self._sigint_wait_secs = 0.25  # 1/xkcd221.getRandomNumber()
    
        self._closed_child_pipe_fds = False
    
        if self.text_mode:
            if bufsize == 1:
                line_buffering = True
                # Use the default buffer size for the underlying binary streams
                # since they don't support line buffering.
                bufsize = -1
            else:
                line_buffering = False
    
        try:
            if p2cwrite != -1:
                self.stdin = io.open(p2cwrite, 'wb', bufsize)
                if self.text_mode:
                    self.stdin = io.TextIOWrapper(self.stdin, write_through=True,
                            line_buffering=line_buffering,
                            encoding=encoding, errors=errors)
            if c2pread != -1:
                self.stdout = io.open(c2pread, 'rb', bufsize)
                if self.text_mode:
                    self.stdout = io.TextIOWrapper(self.stdout,
                            encoding=encoding, errors=errors)
            if errread != -1:
                self.stderr = io.open(errread, 'rb', bufsize)
                if self.text_mode:
                    self.stderr = io.TextIOWrapper(self.stderr,
                            encoding=encoding, errors=errors)
    
>           self._execute_child(args, executable, preexec_fn, close_fds,
                                pass_fds, cwd, env,
                                startupinfo, creationflags, shell,
                                p2cread, p2cwrite,
                                c2pread, c2pwrite,
                                errread, errwrite,
                                restore_signals, start_new_session)

/usr/lib/python3.8/subprocess.py:858: 
_ _ _ _ _ _ _ _ _ _ _ _ _ _ _ _ _ _ _ _ _ _ _ _ _ _ _ _ _ _ _ _ _ _ _ _ _ _ _ _ 

self = <subprocess.Popen object at 0x7fce8edcbcd0>
args = ['geckodriver', '--port', '49625'], executable = b'geckodriver'
preexec_fn = None, close_fds = True, pass_fds = (), cwd = None
env = environ({'SHELL': '/bin/bash', 'COLORTERM': 'truecolor', 'SUDO_GID': '1000', 'HISTCONTROL': 'ignoredups:ignorespace', ..., 'PYTEST_CURRENT_TEST': 'test/test_add_group.py::test_add_group[None:nameJm :head50ijvm pBaX :footAbxk  8 ] (setup)'})
startupinfo = None, creationflags = 0, shell = False, p2cread = 19
p2cwrite = 20, c2pread = -1, c2pwrite = 18, errread = -1, errwrite = 18
restore_signals = True, start_new_session = False

    def _execute_child(self, args, executable, preexec_fn, close_fds,
                       pass_fds, cwd, env,
                       startupinfo, creationflags, shell,
                       p2cread, p2cwrite,
                       c2pread, c2pwrite,
                       errread, errwrite,
                       restore_signals, start_new_session):
        """Execute program (POSIX version)"""
    
        if isinstance(args, (str, bytes)):
            args = [args]
        elif isinstance(args, os.PathLike):
            if shell:
                raise TypeError('path-like args is not allowed when '
                                'shell is true')
            args = [args]
        else:
            args = list(args)
    
        if shell:
            # On Android the default shell is at '/system/bin/sh'.
            unix_shell = ('/system/bin/sh' if
                      hasattr(sys, 'getandroidapilevel') else '/bin/sh')
            args = [unix_shell, "-c"] + args
            if executable:
                args[0] = executable
    
        if executable is None:
            executable = args[0]
    
        sys.audit("subprocess.Popen", executable, args, cwd, env)
    
        if (_USE_POSIX_SPAWN
                and os.path.dirname(executable)
                and preexec_fn is None
                and not close_fds
                and not pass_fds
                and cwd is None
                and (p2cread == -1 or p2cread > 2)
                and (c2pwrite == -1 or c2pwrite > 2)
                and (errwrite == -1 or errwrite > 2)
                and not start_new_session):
            self._posix_spawn(args, executable, env, restore_signals,
                              p2cread, p2cwrite,
                              c2pread, c2pwrite,
                              errread, errwrite)
            return
    
        orig_executable = executable
    
        # For transferring possible exec failure from child to parent.
        # Data format: "exception name:hex errno:description"
        # Pickle is not used; it is complex and involves memory allocation.
        errpipe_read, errpipe_write = os.pipe()
        # errpipe_write must not be in the standard io 0, 1, or 2 fd range.
        low_fds_to_close = []
        while errpipe_write < 3:
            low_fds_to_close.append(errpipe_write)
            errpipe_write = os.dup(errpipe_write)
        for low_fd in low_fds_to_close:
            os.close(low_fd)
        try:
            try:
                # We must avoid complex work that could involve
                # malloc or free in the child process to avoid
                # potential deadlocks, thus we do all this here.
                # and pass it to fork_exec()
    
                if env is not None:
                    env_list = []
                    for k, v in env.items():
                        k = os.fsencode(k)
                        if b'=' in k:
                            raise ValueError("illegal environment variable name")
                        env_list.append(k + b'=' + os.fsencode(v))
                else:
                    env_list = None  # Use execv instead of execve.
                executable = os.fsencode(executable)
                if os.path.dirname(executable):
                    executable_list = (executable,)
                else:
                    # This matches the behavior of os._execvpe().
                    executable_list = tuple(
                        os.path.join(os.fsencode(dir), executable)
                        for dir in os.get_exec_path(env))
                fds_to_keep = set(pass_fds)
                fds_to_keep.add(errpipe_write)
                self.pid = _posixsubprocess.fork_exec(
                        args, executable_list,
                        close_fds, tuple(sorted(map(int, fds_to_keep))),
                        cwd, env_list,
                        p2cread, p2cwrite, c2pread, c2pwrite,
                        errread, errwrite,
                        errpipe_read, errpipe_write,
                        restore_signals, start_new_session, preexec_fn)
                self._child_created = True
            finally:
                # be sure the FD is closed no matter what
                os.close(errpipe_write)
    
            self._close_pipe_fds(p2cread, p2cwrite,
                                 c2pread, c2pwrite,
                                 errread, errwrite)
    
            # Wait for exec to fail or succeed; possibly raising an
            # exception (limited in size)
            errpipe_data = bytearray()
            while True:
                part = os.read(errpipe_read, 50000)
                errpipe_data += part
                if not part or len(errpipe_data) > 50000:
                    break
        finally:
            # be sure the FD is closed no matter what
            os.close(errpipe_read)
    
        if errpipe_data:
            try:
                pid, sts = os.waitpid(self.pid, 0)
                if pid == self.pid:
                    self._handle_exitstatus(sts)
                else:
                    self.returncode = sys.maxsize
            except ChildProcessError:
                pass
    
            try:
                exception_name, hex_errno, err_msg = (
                        errpipe_data.split(b':', 2))
                # The encoding here should match the encoding
                # written in by the subprocess implementations
                # like _posixsubprocess
                err_msg = err_msg.decode()
            except ValueError:
                exception_name = b'SubprocessError'
                hex_errno = b'0'
                err_msg = 'Bad exception data from child: {!r}'.format(
                              bytes(errpipe_data))
            child_exception_type = getattr(
                    builtins, exception_name.decode('ascii'),
                    SubprocessError)
            if issubclass(child_exception_type, OSError) and hex_errno:
                errno_num = int(hex_errno, 16)
                child_exec_never_called = (err_msg == "noexec")
                if child_exec_never_called:
                    err_msg = ""
                    # The error must be from chdir(cwd).
                    err_filename = cwd
                else:
                    err_filename = orig_executable
                if errno_num != 0:
                    err_msg = os.strerror(errno_num)
>               raise child_exception_type(errno_num, err_msg, err_filename)
E               FileNotFoundError: [Errno 2] No such file or directory: 'geckodriver'

/usr/lib/python3.8/subprocess.py:1704: FileNotFoundError

During handling of the above exception, another exception occurred:

request = <SubRequest 'app' for <Function test_add_group[None:nameJm :head50ijvm pBaX :footAbxk  8 ]>>

    @pytest.fixture
    def app(request):
        global fixture
        global target
        browser = request.config.getoption("--browser")
        root_path = os.path.dirname(os.path.abspath(__file__))
        if target is None:
            config_file = os.path.join(root_path, request.config.getoption("--target"))
            with open(config_file) as f:
                target = json.load(f)
        if fixture is None or not fixture.is_valid():
>           fixture = Application(browser=browser, baseUrl=target["web"]["baseUrl"], photoPath=root_path)

conftest.py:35: 
_ _ _ _ _ _ _ _ _ _ _ _ _ _ _ _ _ _ _ _ _ _ _ _ _ _ _ _ _ _ _ _ _ _ _ _ _ _ _ _ 
fixture/application.py:17: in __init__
    self.wd = webdriver.Firefox()
env/lib/python3.8/site-packages/selenium/webdriver/firefox/webdriver.py:164: in __init__
    self.service.start()
_ _ _ _ _ _ _ _ _ _ _ _ _ _ _ _ _ _ _ _ _ _ _ _ _ _ _ _ _ _ _ _ _ _ _ _ _ _ _ _ 

self = <selenium.webdriver.firefox.service.Service object at 0x7fce8edcbe80>

    def start(self):
        """
        Starts the Service.
    
        :Exceptions:
         - WebDriverException : Raised either when it can't start the service
           or when it can't connect to the service
        """
        try:
            cmd = [self.path]
            cmd.extend(self.command_line_args())
            self.process = subprocess.Popen(cmd, env=self.env,
                                            close_fds=platform.system() != 'Windows',
                                            stdout=self.log_file,
                                            stderr=self.log_file,
                                            stdin=PIPE)
        except TypeError:
            raise
        except OSError as err:
            if err.errno == errno.ENOENT:
>               raise WebDriverException(
                    "'%s' executable needs to be in PATH. %s" % (
                        os.path.basename(self.path), self.start_error_message)
E                       selenium.common.exceptions.WebDriverException: Message: 'geckodriver' executable needs to be in PATH.

env/lib/python3.8/site-packages/selenium/webdriver/common/service.py:81: WebDriverException
_____ ERROR at setup of test_add_group[None:namewH4:headNwpNG 3:foot E6b] ______

self = <selenium.webdriver.firefox.service.Service object at 0x7fce8ed4f9a0>

    def start(self):
        """
        Starts the Service.
    
        :Exceptions:
         - WebDriverException : Raised either when it can't start the service
           or when it can't connect to the service
        """
        try:
            cmd = [self.path]
            cmd.extend(self.command_line_args())
>           self.process = subprocess.Popen(cmd, env=self.env,
                                            close_fds=platform.system() != 'Windows',
                                            stdout=self.log_file,
                                            stderr=self.log_file,
                                            stdin=PIPE)

env/lib/python3.8/site-packages/selenium/webdriver/common/service.py:72: 
_ _ _ _ _ _ _ _ _ _ _ _ _ _ _ _ _ _ _ _ _ _ _ _ _ _ _ _ _ _ _ _ _ _ _ _ _ _ _ _ 

self = <subprocess.Popen object at 0x7fce8ed4f7c0>
args = ['geckodriver', '--port', '58569'], bufsize = -1, executable = None
stdin = -1
stdout = <_io.TextIOWrapper name='geckodriver.log' mode='a+' encoding='UTF-8'>
stderr = <_io.TextIOWrapper name='geckodriver.log' mode='a+' encoding='UTF-8'>
preexec_fn = None, close_fds = True, shell = False, cwd = None
env = environ({'SHELL': '/bin/bash', 'COLORTERM': 'truecolor', 'SUDO_GID': '1000', 'HISTCONTROL': 'ignoredups:ignorespace', .../py.test', 'PYTEST_CURRENT_TEST': 'test/test_add_group.py::test_add_group[None:namewH4:headNwpNG 3:foot E6b] (setup)'})
universal_newlines = None, startupinfo = None, creationflags = 0
restore_signals = True, start_new_session = False, pass_fds = ()

    def __init__(self, args, bufsize=-1, executable=None,
                 stdin=None, stdout=None, stderr=None,
                 preexec_fn=None, close_fds=True,
                 shell=False, cwd=None, env=None, universal_newlines=None,
                 startupinfo=None, creationflags=0,
                 restore_signals=True, start_new_session=False,
                 pass_fds=(), *, encoding=None, errors=None, text=None):
        """Create new Popen instance."""
        _cleanup()
        # Held while anything is calling waitpid before returncode has been
        # updated to prevent clobbering returncode if wait() or poll() are
        # called from multiple threads at once.  After acquiring the lock,
        # code must re-check self.returncode to see if another thread just
        # finished a waitpid() call.
        self._waitpid_lock = threading.Lock()
    
        self._input = None
        self._communication_started = False
        if bufsize is None:
            bufsize = -1  # Restore default
        if not isinstance(bufsize, int):
            raise TypeError("bufsize must be an integer")
    
        if _mswindows:
            if preexec_fn is not None:
                raise ValueError("preexec_fn is not supported on Windows "
                                 "platforms")
        else:
            # POSIX
            if pass_fds and not close_fds:
                warnings.warn("pass_fds overriding close_fds.", RuntimeWarning)
                close_fds = True
            if startupinfo is not None:
                raise ValueError("startupinfo is only supported on Windows "
                                 "platforms")
            if creationflags != 0:
                raise ValueError("creationflags is only supported on Windows "
                                 "platforms")
    
        self.args = args
        self.stdin = None
        self.stdout = None
        self.stderr = None
        self.pid = None
        self.returncode = None
        self.encoding = encoding
        self.errors = errors
    
        # Validate the combinations of text and universal_newlines
        if (text is not None and universal_newlines is not None
            and bool(universal_newlines) != bool(text)):
            raise SubprocessError('Cannot disambiguate when both text '
                                  'and universal_newlines are supplied but '
                                  'different. Pass one or the other.')
    
        # Input and output objects. The general principle is like
        # this:
        #
        # Parent                   Child
        # ------                   -----
        # p2cwrite   ---stdin--->  p2cread
        # c2pread    <--stdout---  c2pwrite
        # errread    <--stderr---  errwrite
        #
        # On POSIX, the child objects are file descriptors.  On
        # Windows, these are Windows file handles.  The parent objects
        # are file descriptors on both platforms.  The parent objects
        # are -1 when not using PIPEs. The child objects are -1
        # when not redirecting.
    
        (p2cread, p2cwrite,
         c2pread, c2pwrite,
         errread, errwrite) = self._get_handles(stdin, stdout, stderr)
    
        # We wrap OS handles *before* launching the child, otherwise a
        # quickly terminating child could make our fds unwrappable
        # (see #8458).
    
        if _mswindows:
            if p2cwrite != -1:
                p2cwrite = msvcrt.open_osfhandle(p2cwrite.Detach(), 0)
            if c2pread != -1:
                c2pread = msvcrt.open_osfhandle(c2pread.Detach(), 0)
            if errread != -1:
                errread = msvcrt.open_osfhandle(errread.Detach(), 0)
    
        self.text_mode = encoding or errors or text or universal_newlines
    
        # How long to resume waiting on a child after the first ^C.
        # There is no right value for this.  The purpose is to be polite
        # yet remain good for interactive users trying to exit a tool.
        self._sigint_wait_secs = 0.25  # 1/xkcd221.getRandomNumber()
    
        self._closed_child_pipe_fds = False
    
        if self.text_mode:
            if bufsize == 1:
                line_buffering = True
                # Use the default buffer size for the underlying binary streams
                # since they don't support line buffering.
                bufsize = -1
            else:
                line_buffering = False
    
        try:
            if p2cwrite != -1:
                self.stdin = io.open(p2cwrite, 'wb', bufsize)
                if self.text_mode:
                    self.stdin = io.TextIOWrapper(self.stdin, write_through=True,
                            line_buffering=line_buffering,
                            encoding=encoding, errors=errors)
            if c2pread != -1:
                self.stdout = io.open(c2pread, 'rb', bufsize)
                if self.text_mode:
                    self.stdout = io.TextIOWrapper(self.stdout,
                            encoding=encoding, errors=errors)
            if errread != -1:
                self.stderr = io.open(errread, 'rb', bufsize)
                if self.text_mode:
                    self.stderr = io.TextIOWrapper(self.stderr,
                            encoding=encoding, errors=errors)
    
>           self._execute_child(args, executable, preexec_fn, close_fds,
                                pass_fds, cwd, env,
                                startupinfo, creationflags, shell,
                                p2cread, p2cwrite,
                                c2pread, c2pwrite,
                                errread, errwrite,
                                restore_signals, start_new_session)

/usr/lib/python3.8/subprocess.py:858: 
_ _ _ _ _ _ _ _ _ _ _ _ _ _ _ _ _ _ _ _ _ _ _ _ _ _ _ _ _ _ _ _ _ _ _ _ _ _ _ _ 

self = <subprocess.Popen object at 0x7fce8ed4f7c0>
args = ['geckodriver', '--port', '58569'], executable = b'geckodriver'
preexec_fn = None, close_fds = True, pass_fds = (), cwd = None
env = environ({'SHELL': '/bin/bash', 'COLORTERM': 'truecolor', 'SUDO_GID': '1000', 'HISTCONTROL': 'ignoredups:ignorespace', .../py.test', 'PYTEST_CURRENT_TEST': 'test/test_add_group.py::test_add_group[None:namewH4:headNwpNG 3:foot E6b] (setup)'})
startupinfo = None, creationflags = 0, shell = False, p2cread = 20
p2cwrite = 21, c2pread = -1, c2pwrite = 19, errread = -1, errwrite = 19
restore_signals = True, start_new_session = False

    def _execute_child(self, args, executable, preexec_fn, close_fds,
                       pass_fds, cwd, env,
                       startupinfo, creationflags, shell,
                       p2cread, p2cwrite,
                       c2pread, c2pwrite,
                       errread, errwrite,
                       restore_signals, start_new_session):
        """Execute program (POSIX version)"""
    
        if isinstance(args, (str, bytes)):
            args = [args]
        elif isinstance(args, os.PathLike):
            if shell:
                raise TypeError('path-like args is not allowed when '
                                'shell is true')
            args = [args]
        else:
            args = list(args)
    
        if shell:
            # On Android the default shell is at '/system/bin/sh'.
            unix_shell = ('/system/bin/sh' if
                      hasattr(sys, 'getandroidapilevel') else '/bin/sh')
            args = [unix_shell, "-c"] + args
            if executable:
                args[0] = executable
    
        if executable is None:
            executable = args[0]
    
        sys.audit("subprocess.Popen", executable, args, cwd, env)
    
        if (_USE_POSIX_SPAWN
                and os.path.dirname(executable)
                and preexec_fn is None
                and not close_fds
                and not pass_fds
                and cwd is None
                and (p2cread == -1 or p2cread > 2)
                and (c2pwrite == -1 or c2pwrite > 2)
                and (errwrite == -1 or errwrite > 2)
                and not start_new_session):
            self._posix_spawn(args, executable, env, restore_signals,
                              p2cread, p2cwrite,
                              c2pread, c2pwrite,
                              errread, errwrite)
            return
    
        orig_executable = executable
    
        # For transferring possible exec failure from child to parent.
        # Data format: "exception name:hex errno:description"
        # Pickle is not used; it is complex and involves memory allocation.
        errpipe_read, errpipe_write = os.pipe()
        # errpipe_write must not be in the standard io 0, 1, or 2 fd range.
        low_fds_to_close = []
        while errpipe_write < 3:
            low_fds_to_close.append(errpipe_write)
            errpipe_write = os.dup(errpipe_write)
        for low_fd in low_fds_to_close:
            os.close(low_fd)
        try:
            try:
                # We must avoid complex work that could involve
                # malloc or free in the child process to avoid
                # potential deadlocks, thus we do all this here.
                # and pass it to fork_exec()
    
                if env is not None:
                    env_list = []
                    for k, v in env.items():
                        k = os.fsencode(k)
                        if b'=' in k:
                            raise ValueError("illegal environment variable name")
                        env_list.append(k + b'=' + os.fsencode(v))
                else:
                    env_list = None  # Use execv instead of execve.
                executable = os.fsencode(executable)
                if os.path.dirname(executable):
                    executable_list = (executable,)
                else:
                    # This matches the behavior of os._execvpe().
                    executable_list = tuple(
                        os.path.join(os.fsencode(dir), executable)
                        for dir in os.get_exec_path(env))
                fds_to_keep = set(pass_fds)
                fds_to_keep.add(errpipe_write)
                self.pid = _posixsubprocess.fork_exec(
                        args, executable_list,
                        close_fds, tuple(sorted(map(int, fds_to_keep))),
                        cwd, env_list,
                        p2cread, p2cwrite, c2pread, c2pwrite,
                        errread, errwrite,
                        errpipe_read, errpipe_write,
                        restore_signals, start_new_session, preexec_fn)
                self._child_created = True
            finally:
                # be sure the FD is closed no matter what
                os.close(errpipe_write)
    
            self._close_pipe_fds(p2cread, p2cwrite,
                                 c2pread, c2pwrite,
                                 errread, errwrite)
    
            # Wait for exec to fail or succeed; possibly raising an
            # exception (limited in size)
            errpipe_data = bytearray()
            while True:
                part = os.read(errpipe_read, 50000)
                errpipe_data += part
                if not part or len(errpipe_data) > 50000:
                    break
        finally:
            # be sure the FD is closed no matter what
            os.close(errpipe_read)
    
        if errpipe_data:
            try:
                pid, sts = os.waitpid(self.pid, 0)
                if pid == self.pid:
                    self._handle_exitstatus(sts)
                else:
                    self.returncode = sys.maxsize
            except ChildProcessError:
                pass
    
            try:
                exception_name, hex_errno, err_msg = (
                        errpipe_data.split(b':', 2))
                # The encoding here should match the encoding
                # written in by the subprocess implementations
                # like _posixsubprocess
                err_msg = err_msg.decode()
            except ValueError:
                exception_name = b'SubprocessError'
                hex_errno = b'0'
                err_msg = 'Bad exception data from child: {!r}'.format(
                              bytes(errpipe_data))
            child_exception_type = getattr(
                    builtins, exception_name.decode('ascii'),
                    SubprocessError)
            if issubclass(child_exception_type, OSError) and hex_errno:
                errno_num = int(hex_errno, 16)
                child_exec_never_called = (err_msg == "noexec")
                if child_exec_never_called:
                    err_msg = ""
                    # The error must be from chdir(cwd).
                    err_filename = cwd
                else:
                    err_filename = orig_executable
                if errno_num != 0:
                    err_msg = os.strerror(errno_num)
>               raise child_exception_type(errno_num, err_msg, err_filename)
E               FileNotFoundError: [Errno 2] No such file or directory: 'geckodriver'

/usr/lib/python3.8/subprocess.py:1704: FileNotFoundError

During handling of the above exception, another exception occurred:

request = <SubRequest 'app' for <Function test_add_group[None:namewH4:headNwpNG 3:foot E6b]>>

    @pytest.fixture
    def app(request):
        global fixture
        global target
        browser = request.config.getoption("--browser")
        root_path = os.path.dirname(os.path.abspath(__file__))
        if target is None:
            config_file = os.path.join(root_path, request.config.getoption("--target"))
            with open(config_file) as f:
                target = json.load(f)
        if fixture is None or not fixture.is_valid():
>           fixture = Application(browser=browser, baseUrl=target["web"]["baseUrl"], photoPath=root_path)

conftest.py:35: 
_ _ _ _ _ _ _ _ _ _ _ _ _ _ _ _ _ _ _ _ _ _ _ _ _ _ _ _ _ _ _ _ _ _ _ _ _ _ _ _ 
fixture/application.py:17: in __init__
    self.wd = webdriver.Firefox()
env/lib/python3.8/site-packages/selenium/webdriver/firefox/webdriver.py:164: in __init__
    self.service.start()
_ _ _ _ _ _ _ _ _ _ _ _ _ _ _ _ _ _ _ _ _ _ _ _ _ _ _ _ _ _ _ _ _ _ _ _ _ _ _ _ 

self = <selenium.webdriver.firefox.service.Service object at 0x7fce8ed4f9a0>

    def start(self):
        """
        Starts the Service.
    
        :Exceptions:
         - WebDriverException : Raised either when it can't start the service
           or when it can't connect to the service
        """
        try:
            cmd = [self.path]
            cmd.extend(self.command_line_args())
            self.process = subprocess.Popen(cmd, env=self.env,
                                            close_fds=platform.system() != 'Windows',
                                            stdout=self.log_file,
                                            stderr=self.log_file,
                                            stdin=PIPE)
        except TypeError:
            raise
        except OSError as err:
            if err.errno == errno.ENOENT:
>               raise WebDriverException(
                    "'%s' executable needs to be in PATH. %s" % (
                        os.path.basename(self.path), self.start_error_message)
E                       selenium.common.exceptions.WebDriverException: Message: 'geckodriver' executable needs to be in PATH.

env/lib/python3.8/site-packages/selenium/webdriver/common/service.py:81: WebDriverException
____ ERROR at setup of test_add_group[None:namebTPj:head6Yyk g:footLOf873] _____

self = <selenium.webdriver.firefox.service.Service object at 0x7fce8ee2e250>

    def start(self):
        """
        Starts the Service.
    
        :Exceptions:
         - WebDriverException : Raised either when it can't start the service
           or when it can't connect to the service
        """
        try:
            cmd = [self.path]
            cmd.extend(self.command_line_args())
>           self.process = subprocess.Popen(cmd, env=self.env,
                                            close_fds=platform.system() != 'Windows',
                                            stdout=self.log_file,
                                            stderr=self.log_file,
                                            stdin=PIPE)

env/lib/python3.8/site-packages/selenium/webdriver/common/service.py:72: 
_ _ _ _ _ _ _ _ _ _ _ _ _ _ _ _ _ _ _ _ _ _ _ _ _ _ _ _ _ _ _ _ _ _ _ _ _ _ _ _ 

self = <subprocess.Popen object at 0x7fce8ee2e670>
args = ['geckodriver', '--port', '53257'], bufsize = -1, executable = None
stdin = -1
stdout = <_io.TextIOWrapper name='geckodriver.log' mode='a+' encoding='UTF-8'>
stderr = <_io.TextIOWrapper name='geckodriver.log' mode='a+' encoding='UTF-8'>
preexec_fn = None, close_fds = True, shell = False, cwd = None
env = environ({'SHELL': '/bin/bash', 'COLORTERM': 'truecolor', 'SUDO_GID': '1000', 'HISTCONTROL': 'ignoredups:ignorespace', ...y.test', 'PYTEST_CURRENT_TEST': 'test/test_add_group.py::test_add_group[None:namebTPj:head6Yyk g:footLOf873] (setup)'})
universal_newlines = None, startupinfo = None, creationflags = 0
restore_signals = True, start_new_session = False, pass_fds = ()

    def __init__(self, args, bufsize=-1, executable=None,
                 stdin=None, stdout=None, stderr=None,
                 preexec_fn=None, close_fds=True,
                 shell=False, cwd=None, env=None, universal_newlines=None,
                 startupinfo=None, creationflags=0,
                 restore_signals=True, start_new_session=False,
                 pass_fds=(), *, encoding=None, errors=None, text=None):
        """Create new Popen instance."""
        _cleanup()
        # Held while anything is calling waitpid before returncode has been
        # updated to prevent clobbering returncode if wait() or poll() are
        # called from multiple threads at once.  After acquiring the lock,
        # code must re-check self.returncode to see if another thread just
        # finished a waitpid() call.
        self._waitpid_lock = threading.Lock()
    
        self._input = None
        self._communication_started = False
        if bufsize is None:
            bufsize = -1  # Restore default
        if not isinstance(bufsize, int):
            raise TypeError("bufsize must be an integer")
    
        if _mswindows:
            if preexec_fn is not None:
                raise ValueError("preexec_fn is not supported on Windows "
                                 "platforms")
        else:
            # POSIX
            if pass_fds and not close_fds:
                warnings.warn("pass_fds overriding close_fds.", RuntimeWarning)
                close_fds = True
            if startupinfo is not None:
                raise ValueError("startupinfo is only supported on Windows "
                                 "platforms")
            if creationflags != 0:
                raise ValueError("creationflags is only supported on Windows "
                                 "platforms")
    
        self.args = args
        self.stdin = None
        self.stdout = None
        self.stderr = None
        self.pid = None
        self.returncode = None
        self.encoding = encoding
        self.errors = errors
    
        # Validate the combinations of text and universal_newlines
        if (text is not None and universal_newlines is not None
            and bool(universal_newlines) != bool(text)):
            raise SubprocessError('Cannot disambiguate when both text '
                                  'and universal_newlines are supplied but '
                                  'different. Pass one or the other.')
    
        # Input and output objects. The general principle is like
        # this:
        #
        # Parent                   Child
        # ------                   -----
        # p2cwrite   ---stdin--->  p2cread
        # c2pread    <--stdout---  c2pwrite
        # errread    <--stderr---  errwrite
        #
        # On POSIX, the child objects are file descriptors.  On
        # Windows, these are Windows file handles.  The parent objects
        # are file descriptors on both platforms.  The parent objects
        # are -1 when not using PIPEs. The child objects are -1
        # when not redirecting.
    
        (p2cread, p2cwrite,
         c2pread, c2pwrite,
         errread, errwrite) = self._get_handles(stdin, stdout, stderr)
    
        # We wrap OS handles *before* launching the child, otherwise a
        # quickly terminating child could make our fds unwrappable
        # (see #8458).
    
        if _mswindows:
            if p2cwrite != -1:
                p2cwrite = msvcrt.open_osfhandle(p2cwrite.Detach(), 0)
            if c2pread != -1:
                c2pread = msvcrt.open_osfhandle(c2pread.Detach(), 0)
            if errread != -1:
                errread = msvcrt.open_osfhandle(errread.Detach(), 0)
    
        self.text_mode = encoding or errors or text or universal_newlines
    
        # How long to resume waiting on a child after the first ^C.
        # There is no right value for this.  The purpose is to be polite
        # yet remain good for interactive users trying to exit a tool.
        self._sigint_wait_secs = 0.25  # 1/xkcd221.getRandomNumber()
    
        self._closed_child_pipe_fds = False
    
        if self.text_mode:
            if bufsize == 1:
                line_buffering = True
                # Use the default buffer size for the underlying binary streams
                # since they don't support line buffering.
                bufsize = -1
            else:
                line_buffering = False
    
        try:
            if p2cwrite != -1:
                self.stdin = io.open(p2cwrite, 'wb', bufsize)
                if self.text_mode:
                    self.stdin = io.TextIOWrapper(self.stdin, write_through=True,
                            line_buffering=line_buffering,
                            encoding=encoding, errors=errors)
            if c2pread != -1:
                self.stdout = io.open(c2pread, 'rb', bufsize)
                if self.text_mode:
                    self.stdout = io.TextIOWrapper(self.stdout,
                            encoding=encoding, errors=errors)
            if errread != -1:
                self.stderr = io.open(errread, 'rb', bufsize)
                if self.text_mode:
                    self.stderr = io.TextIOWrapper(self.stderr,
                            encoding=encoding, errors=errors)
    
>           self._execute_child(args, executable, preexec_fn, close_fds,
                                pass_fds, cwd, env,
                                startupinfo, creationflags, shell,
                                p2cread, p2cwrite,
                                c2pread, c2pwrite,
                                errread, errwrite,
                                restore_signals, start_new_session)

/usr/lib/python3.8/subprocess.py:858: 
_ _ _ _ _ _ _ _ _ _ _ _ _ _ _ _ _ _ _ _ _ _ _ _ _ _ _ _ _ _ _ _ _ _ _ _ _ _ _ _ 

self = <subprocess.Popen object at 0x7fce8ee2e670>
args = ['geckodriver', '--port', '53257'], executable = b'geckodriver'
preexec_fn = None, close_fds = True, pass_fds = (), cwd = None
env = environ({'SHELL': '/bin/bash', 'COLORTERM': 'truecolor', 'SUDO_GID': '1000', 'HISTCONTROL': 'ignoredups:ignorespace', ...y.test', 'PYTEST_CURRENT_TEST': 'test/test_add_group.py::test_add_group[None:namebTPj:head6Yyk g:footLOf873] (setup)'})
startupinfo = None, creationflags = 0, shell = False, p2cread = 21
p2cwrite = 22, c2pread = -1, c2pwrite = 20, errread = -1, errwrite = 20
restore_signals = True, start_new_session = False

    def _execute_child(self, args, executable, preexec_fn, close_fds,
                       pass_fds, cwd, env,
                       startupinfo, creationflags, shell,
                       p2cread, p2cwrite,
                       c2pread, c2pwrite,
                       errread, errwrite,
                       restore_signals, start_new_session):
        """Execute program (POSIX version)"""
    
        if isinstance(args, (str, bytes)):
            args = [args]
        elif isinstance(args, os.PathLike):
            if shell:
                raise TypeError('path-like args is not allowed when '
                                'shell is true')
            args = [args]
        else:
            args = list(args)
    
        if shell:
            # On Android the default shell is at '/system/bin/sh'.
            unix_shell = ('/system/bin/sh' if
                      hasattr(sys, 'getandroidapilevel') else '/bin/sh')
            args = [unix_shell, "-c"] + args
            if executable:
                args[0] = executable
    
        if executable is None:
            executable = args[0]
    
        sys.audit("subprocess.Popen", executable, args, cwd, env)
    
        if (_USE_POSIX_SPAWN
                and os.path.dirname(executable)
                and preexec_fn is None
                and not close_fds
                and not pass_fds
                and cwd is None
                and (p2cread == -1 or p2cread > 2)
                and (c2pwrite == -1 or c2pwrite > 2)
                and (errwrite == -1 or errwrite > 2)
                and not start_new_session):
            self._posix_spawn(args, executable, env, restore_signals,
                              p2cread, p2cwrite,
                              c2pread, c2pwrite,
                              errread, errwrite)
            return
    
        orig_executable = executable
    
        # For transferring possible exec failure from child to parent.
        # Data format: "exception name:hex errno:description"
        # Pickle is not used; it is complex and involves memory allocation.
        errpipe_read, errpipe_write = os.pipe()
        # errpipe_write must not be in the standard io 0, 1, or 2 fd range.
        low_fds_to_close = []
        while errpipe_write < 3:
            low_fds_to_close.append(errpipe_write)
            errpipe_write = os.dup(errpipe_write)
        for low_fd in low_fds_to_close:
            os.close(low_fd)
        try:
            try:
                # We must avoid complex work that could involve
                # malloc or free in the child process to avoid
                # potential deadlocks, thus we do all this here.
                # and pass it to fork_exec()
    
                if env is not None:
                    env_list = []
                    for k, v in env.items():
                        k = os.fsencode(k)
                        if b'=' in k:
                            raise ValueError("illegal environment variable name")
                        env_list.append(k + b'=' + os.fsencode(v))
                else:
                    env_list = None  # Use execv instead of execve.
                executable = os.fsencode(executable)
                if os.path.dirname(executable):
                    executable_list = (executable,)
                else:
                    # This matches the behavior of os._execvpe().
                    executable_list = tuple(
                        os.path.join(os.fsencode(dir), executable)
                        for dir in os.get_exec_path(env))
                fds_to_keep = set(pass_fds)
                fds_to_keep.add(errpipe_write)
                self.pid = _posixsubprocess.fork_exec(
                        args, executable_list,
                        close_fds, tuple(sorted(map(int, fds_to_keep))),
                        cwd, env_list,
                        p2cread, p2cwrite, c2pread, c2pwrite,
                        errread, errwrite,
                        errpipe_read, errpipe_write,
                        restore_signals, start_new_session, preexec_fn)
                self._child_created = True
            finally:
                # be sure the FD is closed no matter what
                os.close(errpipe_write)
    
            self._close_pipe_fds(p2cread, p2cwrite,
                                 c2pread, c2pwrite,
                                 errread, errwrite)
    
            # Wait for exec to fail or succeed; possibly raising an
            # exception (limited in size)
            errpipe_data = bytearray()
            while True:
                part = os.read(errpipe_read, 50000)
                errpipe_data += part
                if not part or len(errpipe_data) > 50000:
                    break
        finally:
            # be sure the FD is closed no matter what
            os.close(errpipe_read)
    
        if errpipe_data:
            try:
                pid, sts = os.waitpid(self.pid, 0)
                if pid == self.pid:
                    self._handle_exitstatus(sts)
                else:
                    self.returncode = sys.maxsize
            except ChildProcessError:
                pass
    
            try:
                exception_name, hex_errno, err_msg = (
                        errpipe_data.split(b':', 2))
                # The encoding here should match the encoding
                # written in by the subprocess implementations
                # like _posixsubprocess
                err_msg = err_msg.decode()
            except ValueError:
                exception_name = b'SubprocessError'
                hex_errno = b'0'
                err_msg = 'Bad exception data from child: {!r}'.format(
                              bytes(errpipe_data))
            child_exception_type = getattr(
                    builtins, exception_name.decode('ascii'),
                    SubprocessError)
            if issubclass(child_exception_type, OSError) and hex_errno:
                errno_num = int(hex_errno, 16)
                child_exec_never_called = (err_msg == "noexec")
                if child_exec_never_called:
                    err_msg = ""
                    # The error must be from chdir(cwd).
                    err_filename = cwd
                else:
                    err_filename = orig_executable
                if errno_num != 0:
                    err_msg = os.strerror(errno_num)
>               raise child_exception_type(errno_num, err_msg, err_filename)
E               FileNotFoundError: [Errno 2] No such file or directory: 'geckodriver'

/usr/lib/python3.8/subprocess.py:1704: FileNotFoundError

During handling of the above exception, another exception occurred:

request = <SubRequest 'app' for <Function test_add_group[None:namebTPj:head6Yyk g:footLOf873]>>

    @pytest.fixture
    def app(request):
        global fixture
        global target
        browser = request.config.getoption("--browser")
        root_path = os.path.dirname(os.path.abspath(__file__))
        if target is None:
            config_file = os.path.join(root_path, request.config.getoption("--target"))
            with open(config_file) as f:
                target = json.load(f)
        if fixture is None or not fixture.is_valid():
>           fixture = Application(browser=browser, baseUrl=target["web"]["baseUrl"], photoPath=root_path)

conftest.py:35: 
_ _ _ _ _ _ _ _ _ _ _ _ _ _ _ _ _ _ _ _ _ _ _ _ _ _ _ _ _ _ _ _ _ _ _ _ _ _ _ _ 
fixture/application.py:17: in __init__
    self.wd = webdriver.Firefox()
env/lib/python3.8/site-packages/selenium/webdriver/firefox/webdriver.py:164: in __init__
    self.service.start()
_ _ _ _ _ _ _ _ _ _ _ _ _ _ _ _ _ _ _ _ _ _ _ _ _ _ _ _ _ _ _ _ _ _ _ _ _ _ _ _ 

self = <selenium.webdriver.firefox.service.Service object at 0x7fce8ee2e250>

    def start(self):
        """
        Starts the Service.
    
        :Exceptions:
         - WebDriverException : Raised either when it can't start the service
           or when it can't connect to the service
        """
        try:
            cmd = [self.path]
            cmd.extend(self.command_line_args())
            self.process = subprocess.Popen(cmd, env=self.env,
                                            close_fds=platform.system() != 'Windows',
                                            stdout=self.log_file,
                                            stderr=self.log_file,
                                            stdin=PIPE)
        except TypeError:
            raise
        except OSError as err:
            if err.errno == errno.ENOENT:
>               raise WebDriverException(
                    "'%s' executable needs to be in PATH. %s" % (
                        os.path.basename(self.path), self.start_error_message)
E                       selenium.common.exceptions.WebDriverException: Message: 'geckodriver' executable needs to be in PATH.

env/lib/python3.8/site-packages/selenium/webdriver/common/service.py:81: WebDriverException
___ ERROR at teardown of test_add_group[None:namebTPj:head6Yyk g:footLOf873] ___

    def fin():
>       fixture.session.ensure_logout()
E       AttributeError: 'NoneType' object has no attribute 'session'

conftest.py:43: AttributeError
=========================== short test summary info ============================
ERROR test/test_add_group.py::test_add_group[None:::] - selenium.common.excep...
ERROR test/test_add_group.py::test_add_group[None:name :headSW K :foot mEm LOIBGdnA]
ERROR test/test_add_group.py::test_add_group[None:nameJ O1Ra lX:headqVK  uD3 K2 :footw9H8 uOU]
ERROR test/test_add_group.py::test_add_group[None:nameJm :head50ijvm pBaX :footAbxk  8 ]
ERROR test/test_add_group.py::test_add_group[None:namewH4:headNwpNG 3:foot E6b]
ERROR test/test_add_group.py::test_add_group[None:namebTPj:head6Yyk g:footLOf873]
ERROR test/test_add_group.py::test_add_group[None:namebTPj:head6Yyk g:footLOf873]
============================== 7 errors in 1.91s ===============================
